{"/Users/giuliacampana/Desktop/Tunestorm-RelatedTracks/database/db.js": {"path":"/Users/giuliacampana/Desktop/Tunestorm-RelatedTracks/database/db.js","statementMap":{"0":{"start":{"line":1,"column":17},"end":{"line":1,"column":36}},"1":{"start":{"line":2,"column":13},"end":{"line":2,"column":36}},"2":{"start":{"line":4,"column":0},"end":{"line":4,"column":50}},"3":{"start":{"line":6,"column":19},"end":{"line":15,"column":2}},"4":{"start":{"line":17,"column":13},"end":{"line":17,"column":47}},"5":{"start":{"line":19,"column":0},"end":{"line":22,"column":3}},"6":{"start":{"line":20,"column":2},"end":{"line":21,"column":30}},"7":{"start":{"line":20,"column":11},"end":{"line":20,"column":28}},"8":{"start":{"line":21,"column":7},"end":{"line":21,"column":30}},"9":{"start":{"line":24,"column":21},"end":{"line":29,"column":1}},"10":{"start":{"line":25,"column":2},"end":{"line":28,"column":14}},"11":{"start":{"line":26,"column":4},"end":{"line":27,"column":37}},"12":{"start":{"line":26,"column":13},"end":{"line":26,"column":33}},"13":{"start":{"line":27,"column":9},"end":{"line":27,"column":37}},"14":{"start":{"line":31,"column":24},"end":{"line":37,"column":1}},"15":{"start":{"line":32,"column":2},"end":{"line":36,"column":5}},"16":{"start":{"line":33,"column":4},"end":{"line":33,"column":30}},"17":{"start":{"line":33,"column":13},"end":{"line":33,"column":30}},"18":{"start":{"line":34,"column":4},"end":{"line":34,"column":20}},"19":{"start":{"line":35,"column":4},"end":{"line":35,"column":24}},"20":{"start":{"line":39,"column":26},"end":{"line":45,"column":1}},"21":{"start":{"line":40,"column":2},"end":{"line":44,"column":5}},"22":{"start":{"line":41,"column":4},"end":{"line":41,"column":30}},"23":{"start":{"line":41,"column":13},"end":{"line":41,"column":30}},"24":{"start":{"line":42,"column":4},"end":{"line":42,"column":22}},"25":{"start":{"line":43,"column":4},"end":{"line":43,"column":24}},"26":{"start":{"line":47,"column":24},"end":{"line":53,"column":1}},"27":{"start":{"line":48,"column":2},"end":{"line":52,"column":5}},"28":{"start":{"line":49,"column":4},"end":{"line":49,"column":30}},"29":{"start":{"line":49,"column":13},"end":{"line":49,"column":30}},"30":{"start":{"line":50,"column":4},"end":{"line":50,"column":20}},"31":{"start":{"line":51,"column":4},"end":{"line":51,"column":24}},"32":{"start":{"line":55,"column":27},"end":{"line":61,"column":1}},"33":{"start":{"line":56,"column":2},"end":{"line":60,"column":5}},"34":{"start":{"line":57,"column":4},"end":{"line":57,"column":30}},"35":{"start":{"line":57,"column":13},"end":{"line":57,"column":30}},"36":{"start":{"line":58,"column":4},"end":{"line":58,"column":23}},"37":{"start":{"line":59,"column":4},"end":{"line":59,"column":24}},"38":{"start":{"line":63,"column":0},"end":{"line":69,"column":2}}},"fnMap":{"0":{"name":"(anonymous_0)","decl":{"start":{"line":19,"column":33},"end":{"line":19,"column":34}},"loc":{"start":{"line":19,"column":51},"end":{"line":22,"column":1}},"line":19},"1":{"name":"(anonymous_1)","decl":{"start":{"line":24,"column":21},"end":{"line":24,"column":22}},"loc":{"start":{"line":24,"column":39},"end":{"line":29,"column":1}},"line":24},"2":{"name":"(anonymous_2)","decl":{"start":{"line":25,"column":20},"end":{"line":25,"column":21}},"loc":{"start":{"line":25,"column":42},"end":{"line":28,"column":3}},"line":25},"3":{"name":"(anonymous_3)","decl":{"start":{"line":31,"column":24},"end":{"line":31,"column":25}},"loc":{"start":{"line":31,"column":42},"end":{"line":37,"column":1}},"line":31},"4":{"name":"(anonymous_4)","decl":{"start":{"line":32,"column":23},"end":{"line":32,"column":24}},"loc":{"start":{"line":32,"column":38},"end":{"line":36,"column":3}},"line":32},"5":{"name":"(anonymous_5)","decl":{"start":{"line":39,"column":26},"end":{"line":39,"column":27}},"loc":{"start":{"line":39,"column":44},"end":{"line":45,"column":1}},"line":39},"6":{"name":"(anonymous_6)","decl":{"start":{"line":40,"column":23},"end":{"line":40,"column":24}},"loc":{"start":{"line":40,"column":38},"end":{"line":44,"column":3}},"line":40},"7":{"name":"(anonymous_7)","decl":{"start":{"line":47,"column":24},"end":{"line":47,"column":25}},"loc":{"start":{"line":47,"column":42},"end":{"line":53,"column":1}},"line":47},"8":{"name":"(anonymous_8)","decl":{"start":{"line":48,"column":23},"end":{"line":48,"column":24}},"loc":{"start":{"line":48,"column":38},"end":{"line":52,"column":3}},"line":48},"9":{"name":"(anonymous_9)","decl":{"start":{"line":55,"column":27},"end":{"line":55,"column":28}},"loc":{"start":{"line":55,"column":45},"end":{"line":61,"column":1}},"line":55},"10":{"name":"(anonymous_10)","decl":{"start":{"line":56,"column":23},"end":{"line":56,"column":24}},"loc":{"start":{"line":56,"column":38},"end":{"line":60,"column":3}},"line":56}},"branchMap":{"0":{"loc":{"start":{"line":20,"column":2},"end":{"line":21,"column":30}},"type":"if","locations":[{"start":{"line":20,"column":2},"end":{"line":21,"column":30}},{"start":{"line":20,"column":2},"end":{"line":21,"column":30}}],"line":20},"1":{"loc":{"start":{"line":26,"column":4},"end":{"line":27,"column":37}},"type":"if","locations":[{"start":{"line":26,"column":4},"end":{"line":27,"column":37}},{"start":{"line":26,"column":4},"end":{"line":27,"column":37}}],"line":26},"2":{"loc":{"start":{"line":33,"column":4},"end":{"line":33,"column":30}},"type":"if","locations":[{"start":{"line":33,"column":4},"end":{"line":33,"column":30}},{"start":{"line":33,"column":4},"end":{"line":33,"column":30}}],"line":33},"3":{"loc":{"start":{"line":41,"column":4},"end":{"line":41,"column":30}},"type":"if","locations":[{"start":{"line":41,"column":4},"end":{"line":41,"column":30}},{"start":{"line":41,"column":4},"end":{"line":41,"column":30}}],"line":41},"4":{"loc":{"start":{"line":49,"column":4},"end":{"line":49,"column":30}},"type":"if","locations":[{"start":{"line":49,"column":4},"end":{"line":49,"column":30}},{"start":{"line":49,"column":4},"end":{"line":49,"column":30}}],"line":49},"5":{"loc":{"start":{"line":57,"column":4},"end":{"line":57,"column":30}},"type":"if","locations":[{"start":{"line":57,"column":4},"end":{"line":57,"column":30}},{"start":{"line":57,"column":4},"end":{"line":57,"column":30}}],"line":57}},"s":{"0":1,"1":1,"2":1,"3":1,"4":1,"5":1,"6":0,"7":0,"8":0,"9":1,"10":0,"11":0,"12":0,"13":0,"14":1,"15":0,"16":0,"17":0,"18":0,"19":0,"20":1,"21":0,"22":0,"23":0,"24":0,"25":0,"26":1,"27":0,"28":0,"29":0,"30":0,"31":0,"32":1,"33":0,"34":0,"35":0,"36":0,"37":0,"38":1},"f":{"0":0,"1":0,"2":0,"3":0,"4":0,"5":0,"6":0,"7":0,"8":0,"9":0,"10":0},"b":{"0":[0,0],"1":[0,0],"2":[0,0],"3":[0,0],"4":[0,0],"5":[0,0]},"_coverageSchema":"332fd63041d2c1bcb487cc26dd0d5f7d97098a6c","hash":"30569615a5997ba2c77ed33ef0ad40243c79bd7f"}
,"/Users/giuliacampana/Desktop/Tunestorm-RelatedTracks/server/app.js": {"path":"/Users/giuliacampana/Desktop/Tunestorm-RelatedTracks/server/app.js","statementMap":{"0":{"start":{"line":1,"column":16},"end":{"line":1,"column":34}},"1":{"start":{"line":2,"column":11},"end":{"line":2,"column":39}},"2":{"start":{"line":3,"column":19},"end":{"line":3,"column":41}},"3":{"start":{"line":4,"column":13},"end":{"line":4,"column":28}},"4":{"start":{"line":6,"column":12},"end":{"line":6,"column":21}},"5":{"start":{"line":8,"column":0},"end":{"line":8,"column":57}},"6":{"start":{"line":9,"column":0},"end":{"line":9,"column":27}},"7":{"start":{"line":12,"column":0},"end":{"line":20,"column":3}},"8":{"start":{"line":13,"column":13},"end":{"line":13,"column":26}},"9":{"start":{"line":14,"column":2},"end":{"line":14,"column":18}},"10":{"start":{"line":16,"column":2},"end":{"line":19,"column":5}},"11":{"start":{"line":17,"column":4},"end":{"line":18,"column":24}},"12":{"start":{"line":17,"column":13},"end":{"line":17,"column":30}},"13":{"start":{"line":18,"column":9},"end":{"line":18,"column":24}},"14":{"start":{"line":22,"column":0},"end":{"line":28,"column":3}},"15":{"start":{"line":23,"column":13},"end":{"line":23,"column":26}},"16":{"start":{"line":24,"column":2},"end":{"line":27,"column":5}},"17":{"start":{"line":25,"column":4},"end":{"line":26,"column":24}},"18":{"start":{"line":25,"column":13},"end":{"line":25,"column":30}},"19":{"start":{"line":26,"column":9},"end":{"line":26,"column":24}},"20":{"start":{"line":30,"column":0},"end":{"line":36,"column":3}},"21":{"start":{"line":31,"column":13},"end":{"line":31,"column":26}},"22":{"start":{"line":32,"column":2},"end":{"line":35,"column":5}},"23":{"start":{"line":33,"column":4},"end":{"line":34,"column":24}},"24":{"start":{"line":33,"column":13},"end":{"line":33,"column":30}},"25":{"start":{"line":34,"column":9},"end":{"line":34,"column":24}},"26":{"start":{"line":38,"column":0},"end":{"line":44,"column":3}},"27":{"start":{"line":39,"column":13},"end":{"line":39,"column":26}},"28":{"start":{"line":40,"column":2},"end":{"line":43,"column":5}},"29":{"start":{"line":41,"column":4},"end":{"line":42,"column":24}},"30":{"start":{"line":41,"column":13},"end":{"line":41,"column":30}},"31":{"start":{"line":42,"column":9},"end":{"line":42,"column":24}},"32":{"start":{"line":46,"column":0},"end":{"line":52,"column":3}},"33":{"start":{"line":47,"column":13},"end":{"line":47,"column":26}},"34":{"start":{"line":48,"column":2},"end":{"line":51,"column":5}},"35":{"start":{"line":49,"column":4},"end":{"line":50,"column":24}},"36":{"start":{"line":49,"column":13},"end":{"line":49,"column":30}},"37":{"start":{"line":50,"column":9},"end":{"line":50,"column":24}},"38":{"start":{"line":54,"column":0},"end":{"line":56,"column":3}},"39":{"start":{"line":55,"column":2},"end":{"line":55,"column":40}}},"fnMap":{"0":{"name":"(anonymous_0)","decl":{"start":{"line":12,"column":22},"end":{"line":12,"column":23}},"loc":{"start":{"line":12,"column":36},"end":{"line":20,"column":1}},"line":12},"1":{"name":"(anonymous_1)","decl":{"start":{"line":16,"column":22},"end":{"line":16,"column":23}},"loc":{"start":{"line":16,"column":37},"end":{"line":19,"column":3}},"line":16},"2":{"name":"(anonymous_2)","decl":{"start":{"line":22,"column":29},"end":{"line":22,"column":30}},"loc":{"start":{"line":22,"column":43},"end":{"line":28,"column":1}},"line":22},"3":{"name":"(anonymous_3)","decl":{"start":{"line":24,"column":25},"end":{"line":24,"column":26}},"loc":{"start":{"line":24,"column":40},"end":{"line":27,"column":3}},"line":24},"4":{"name":"(anonymous_4)","decl":{"start":{"line":30,"column":31},"end":{"line":30,"column":32}},"loc":{"start":{"line":30,"column":45},"end":{"line":36,"column":1}},"line":30},"5":{"name":"(anonymous_5)","decl":{"start":{"line":32,"column":27},"end":{"line":32,"column":28}},"loc":{"start":{"line":32,"column":42},"end":{"line":35,"column":3}},"line":32},"6":{"name":"(anonymous_6)","decl":{"start":{"line":38,"column":29},"end":{"line":38,"column":30}},"loc":{"start":{"line":38,"column":43},"end":{"line":44,"column":1}},"line":38},"7":{"name":"(anonymous_7)","decl":{"start":{"line":40,"column":25},"end":{"line":40,"column":26}},"loc":{"start":{"line":40,"column":40},"end":{"line":43,"column":3}},"line":40},"8":{"name":"(anonymous_8)","decl":{"start":{"line":46,"column":32},"end":{"line":46,"column":33}},"loc":{"start":{"line":46,"column":46},"end":{"line":52,"column":1}},"line":46},"9":{"name":"(anonymous_9)","decl":{"start":{"line":48,"column":28},"end":{"line":48,"column":29}},"loc":{"start":{"line":48,"column":43},"end":{"line":51,"column":3}},"line":48},"10":{"name":"(anonymous_10)","decl":{"start":{"line":54,"column":17},"end":{"line":54,"column":18}},"loc":{"start":{"line":54,"column":23},"end":{"line":56,"column":1}},"line":54}},"branchMap":{"0":{"loc":{"start":{"line":17,"column":4},"end":{"line":18,"column":24}},"type":"if","locations":[{"start":{"line":17,"column":4},"end":{"line":18,"column":24}},{"start":{"line":17,"column":4},"end":{"line":18,"column":24}}],"line":17},"1":{"loc":{"start":{"line":25,"column":4},"end":{"line":26,"column":24}},"type":"if","locations":[{"start":{"line":25,"column":4},"end":{"line":26,"column":24}},{"start":{"line":25,"column":4},"end":{"line":26,"column":24}}],"line":25},"2":{"loc":{"start":{"line":33,"column":4},"end":{"line":34,"column":24}},"type":"if","locations":[{"start":{"line":33,"column":4},"end":{"line":34,"column":24}},{"start":{"line":33,"column":4},"end":{"line":34,"column":24}}],"line":33},"3":{"loc":{"start":{"line":41,"column":4},"end":{"line":42,"column":24}},"type":"if","locations":[{"start":{"line":41,"column":4},"end":{"line":42,"column":24}},{"start":{"line":41,"column":4},"end":{"line":42,"column":24}}],"line":41},"4":{"loc":{"start":{"line":49,"column":4},"end":{"line":50,"column":24}},"type":"if","locations":[{"start":{"line":49,"column":4},"end":{"line":50,"column":24}},{"start":{"line":49,"column":4},"end":{"line":50,"column":24}}],"line":49}},"s":{"0":1,"1":1,"2":1,"3":1,"4":1,"5":1,"6":1,"7":1,"8":0,"9":0,"10":0,"11":0,"12":0,"13":0,"14":1,"15":0,"16":0,"17":0,"18":0,"19":0,"20":1,"21":0,"22":0,"23":0,"24":0,"25":0,"26":1,"27":0,"28":0,"29":0,"30":0,"31":0,"32":1,"33":0,"34":0,"35":0,"36":0,"37":0,"38":1,"39":0},"f":{"0":0,"1":0,"2":0,"3":0,"4":0,"5":0,"6":0,"7":0,"8":0,"9":0,"10":0},"b":{"0":[0,0],"1":[0,0],"2":[0,0],"3":[0,0],"4":[0,0]},"_coverageSchema":"332fd63041d2c1bcb487cc26dd0d5f7d97098a6c","hash":"b33c227733d7e286ea399a033f1a7cee177b454e"}
}
